<?xml version="1.0" encoding="UTF-8"?>
<!-- Generated by org.testng.reporters.JUnitReportReporter -->
<testsuite hostname="HP" failures="0" tests="4" name="CURD.TC_Integration" time="10.227" errors="0" timestamp="2024-04-09T01:26:47 IST" skipped="0">
  <testcase classname="CURD.TC_Integration" name="testDeleteCreateBooking" time="2.347"/>
  <system-out/>
  <testcase classname="CURD.TC_Integration" name="testCreateAndUpdateBooking" time="1.310"/>
  <system-out/>
  <testcase classname="CURD.TC_Integration" name="testDeleteBookingByGet" time="1.149"/>
  <system-out/>
  <testcase classname="CURD.TC_Integration" name="testCreateBooking" time="5.421"/>
  <system-out/>
</testsuite> <!-- CURD.TC_Integration -->
