<?xml version="1.0" encoding="UTF-8"?>
<!-- Generated by org.testng.reporters.JUnitReportReporter -->
<testsuite hostname="HP" failures="0" tests="1" name="MISCtotestanythink.hello" time="3.932" errors="0" timestamp="6 Apr 2024 10:48:27 GMT">
  <testcase classname="MISCtotestanythink.hello" name="postreques" time="3.932"/>
</testsuite> <!-- MISCtotestanythink.hello -->
