<?xml version="1.0" encoding="UTF-8"?>
<!-- Generated by org.testng.reporters.JUnitReportReporter -->
<testsuite hostname="HP" failures="0" tests="1" name="Base.TestBase" time="1.301" errors="0" timestamp="2024-04-08T20:57:57 IST" skipped="0">
  <testcase classname="Base.TestBase" name="setup" time="1.301"/>
  <system-out/>
</testsuite> <!-- Base.TestBase -->
